The system is: Windows - 10.0.18362 - AMD64
Compiling the CXX compiler identification source file "CMakeCXXCompilerId.cpp" succeeded.
Compiler: C:/Program Files (x86)/Microsoft Visual Studio/2019/Community/VC/Tools/MSVC/14.26.28801/bin/HostX64/x64/cl.exe 
Build flags: 
Id flags:  

The output was:
0
Microsoft (R) C/C++ Optimizing Compiler versione 19.26.28806 per x64
Copyright (C) Microsoft Corporation. Tutti i diritti  sono riservati.

CMakeCXXCompilerId.cpp
Microsoft (R) Incremental Linker Version 14.26.28806.0
Copyright (C) Microsoft Corporation.  All rights reserved.

/out:CMakeCXXCompilerId.exe 
CMakeCXXCompilerId.obj 


Compilation of the CXX compiler identification source "CMakeCXXCompilerId.cpp" produced "CMakeCXXCompilerId.exe"

Compilation of the CXX compiler identification source "CMakeCXXCompilerId.cpp" produced "CMakeCXXCompilerId.obj"

The CXX compiler identification is MSVC, found in "C:/msys64/home/andre/libretro-super/retroarch/deps/SPIRV-Cross/out/build/x64-Debug (impostazione predefinita)/CMakeFiles/3.17.20032601-MSVC_2/CompilerIdCXX/CMakeCXXCompilerId.exe"

Compiling the C compiler identification source file "CMakeCCompilerId.c" succeeded.
Compiler: C:/Program Files (x86)/Microsoft Visual Studio/2019/Community/VC/Tools/MSVC/14.26.28801/bin/HostX64/x64/cl.exe 
Build flags: 
Id flags:  

The output was:
0
Microsoft (R) C/C++ Optimizing Compiler versione 19.26.28806 per x64
Copyright (C) Microsoft Corporation. Tutti i diritti  sono riservati.

CMakeCCompilerId.c
Microsoft (R) Incremental Linker Version 14.26.28806.0
Copyright (C) Microsoft Corporation.  All rights reserved.

/out:CMakeCCompilerId.exe 
CMakeCCompilerId.obj 


Compilation of the C compiler identification source "CMakeCCompilerId.c" produced "CMakeCCompilerId.exe"

Compilation of the C compiler identification source "CMakeCCompilerId.c" produced "CMakeCCompilerId.obj"

The C compiler identification is MSVC, found in "C:/msys64/home/andre/libretro-super/retroarch/deps/SPIRV-Cross/out/build/x64-Debug (impostazione predefinita)/CMakeFiles/3.17.20032601-MSVC_2/CompilerIdC/CMakeCCompilerId.exe"

Determining if the CXX compiler works passed with the following output:
Change Dir: C:/msys64/home/andre/libretro-super/retroarch/deps/SPIRV-Cross/out/build/x64-Debug (impostazione predefinita)/CMakeFiles/CMakeTmp

Run Build Command(s):C:/Program Files (x86)/Microsoft Visual Studio/2019/Community/Common7/IDE/CommonExtensions/Microsoft/CMake/Ninja/ninja.exe cmTC_2f116 && [1/2] Building CXX object CMakeFiles\cmTC_2f116.dir\testCXXCompiler.cxx.obj
[2/2] Linking CXX executable cmTC_2f116.exe



Detecting CXX compiler ABI info compiled with the following output:
Change Dir: C:/msys64/home/andre/libretro-super/retroarch/deps/SPIRV-Cross/out/build/x64-Debug (impostazione predefinita)/CMakeFiles/CMakeTmp

Run Build Command(s):C:/Program Files (x86)/Microsoft Visual Studio/2019/Community/Common7/IDE/CommonExtensions/Microsoft/CMake/Ninja/ninja.exe cmTC_66695 && [1/2] Building CXX object CMakeFiles\cmTC_66695.dir\CMakeCXXCompilerABI.cpp.obj
[2/2] Linking CXX executable cmTC_66695.exe



Determining if the C compiler works passed with the following output:
Change Dir: C:/msys64/home/andre/libretro-super/retroarch/deps/SPIRV-Cross/out/build/x64-Debug (impostazione predefinita)/CMakeFiles/CMakeTmp

Run Build Command(s):C:/Program Files (x86)/Microsoft Visual Studio/2019/Community/Common7/IDE/CommonExtensions/Microsoft/CMake/Ninja/ninja.exe cmTC_76a81 && [1/2] Building C object CMakeFiles\cmTC_76a81.dir\testCCompiler.c.obj
[2/2] Linking C executable cmTC_76a81.exe



Detecting C compiler ABI info compiled with the following output:
Change Dir: C:/msys64/home/andre/libretro-super/retroarch/deps/SPIRV-Cross/out/build/x64-Debug (impostazione predefinita)/CMakeFiles/CMakeTmp

Run Build Command(s):C:/Program Files (x86)/Microsoft Visual Studio/2019/Community/Common7/IDE/CommonExtensions/Microsoft/CMake/Ninja/ninja.exe cmTC_2cb1f && [1/2] Building C object CMakeFiles\cmTC_2cb1f.dir\CMakeCCompilerABI.c.obj
[2/2] Linking C executable cmTC_2cb1f.exe



